2026-04-18 07:26:43,944 P1656 [INFO] ************************************************************
2026-04-18 07:26:43,944 P1656 [INFO] ConfigSet _OnInstanceBoot
2026-04-18 07:26:43,946 P1656 [INFO] ++++++++++++++++++++++++++++++++++++++++++++++++++++++++++++
2026-04-18 07:26:43,946 P1656 [INFO] Config AWSEBBaseConfig
2026-04-18 07:26:44,235 P1656 [INFO] ============================================================
2026-04-18 07:26:44,235 P1656 [INFO] Command clearbackupfiles
2026-04-18 07:26:44,251 P1656 [INFO] Completed successfully.
2026-04-18 07:26:44,254 P1656 [INFO] ++++++++++++++++++++++++++++++++++++++++++++++++++++++++++++
2026-04-18 07:26:44,254 P1656 [INFO] Config AWSEBCfnHupEndpointOverride
2026-04-18 07:26:44,255 P1656 [INFO] ============================================================
2026-04-18 07:26:44,255 P1656 [INFO] Command clearbackupfiles
2026-04-18 07:26:44,259 P1656 [INFO] Completed successfully.
2026-04-18 07:27:50,060 P1887 [INFO] ************************************************************
2026-04-18 07:27:50,060 P1887 [INFO] ConfigSet Infra-EmbeddedPreBuild
2026-04-18 10:29:57,065 P7670 [INFO] ************************************************************
2026-04-18 10:29:57,065 P7670 [INFO] ConfigSet Infra-EmbeddedPreBuild
2026-04-18 10:30:58,753 P9984 [INFO] ************************************************************
2026-04-18 10:30:58,754 P9984 [INFO] ConfigSet Infra-EmbeddedPostBuild
2026-04-18 16:24:56,659 P21838 [INFO] ************************************************************
2026-04-18 16:24:56,659 P21838 [INFO] ConfigSet Infra-EmbeddedPreBuild
2026-04-18 16:25:01,008 P22075 [INFO] ************************************************************
2026-04-18 16:25:01,008 P22075 [INFO] ConfigSet Infra-EmbeddedPostBuild
2026-04-18 16:27:33,911 P22453 [INFO] ************************************************************
2026-04-18 16:27:33,911 P22453 [INFO] ConfigSet Infra-EmbeddedPreBuild
2026-04-18 16:27:38,007 P22698 [INFO] ************************************************************
2026-04-18 16:27:38,007 P22698 [INFO] ConfigSet Infra-EmbeddedPostBuild
2026-04-18 17:15:32,038 P25553 [INFO] ************************************************************
2026-04-18 17:15:32,038 P25553 [INFO] ConfigSet Infra-EmbeddedPreBuild
2026-04-18 17:15:36,767 P25799 [INFO] ************************************************************
2026-04-18 17:15:36,767 P25799 [INFO] ConfigSet Infra-EmbeddedPostBuild
2026-04-19 10:02:05,300 P58679 [INFO] ************************************************************
2026-04-19 10:02:05,300 P58679 [INFO] ConfigSet Infra-EmbeddedPreBuild
2026-04-19 10:02:09,758 P58885 [INFO] ************************************************************
2026-04-19 10:02:09,758 P58885 [INFO] ConfigSet Infra-EmbeddedPostBuild
2026-04-20 14:59:52,876 P114473 [INFO] ************************************************************
2026-04-20 14:59:52,876 P114473 [INFO] ConfigSet Infra-EmbeddedPreBuild
2026-04-20 15:12:17,732 P114937 [INFO] ************************************************************
2026-04-20 15:12:17,733 P114937 [INFO] ConfigSet Infra-EmbeddedPreBuild
2026-04-20 15:17:40,722 P115113 [INFO] ************************************************************
2026-04-20 15:17:40,722 P115113 [INFO] ConfigSet Infra-EmbeddedPreBuild
2026-04-20 15:18:14,260 P115933 [INFO] ************************************************************
2026-04-20 15:18:14,261 P115933 [INFO] ConfigSet Infra-EmbeddedPostBuild
2026-04-21 00:53:44,019 P135105 [INFO] ************************************************************
2026-04-21 00:53:44,019 P135105 [INFO] ConfigSet Infra-EmbeddedPreBuild
2026-04-21 00:53:49,263 P135370 [INFO] ************************************************************
2026-04-21 00:53:49,263 P135370 [INFO] ConfigSet Infra-EmbeddedPostBuild
2026-04-21 02:33:56,811 P140687 [INFO] ************************************************************
2026-04-21 02:33:56,811 P140687 [INFO] ConfigSet Infra-EmbeddedPreBuild
2026-04-21 02:34:03,000 P140908 [INFO] ************************************************************
2026-04-21 02:34:03,001 P140908 [INFO] ConfigSet Infra-EmbeddedPostBuild
2026-04-21 06:48:07,237 P149478 [INFO] ************************************************************
2026-04-21 06:48:07,237 P149478 [INFO] ConfigSet Infra-EmbeddedPreBuild
2026-04-21 06:48:23,762 P149876 [INFO] ************************************************************
2026-04-21 06:48:23,762 P149876 [INFO] ConfigSet Infra-EmbeddedPostBuild
2026-04-25 07:53:48,729 P340763 [INFO] ************************************************************
2026-04-25 07:53:48,729 P340763 [INFO] ConfigSet Infra-EmbeddedPreBuild
2026-04-25 07:53:56,256 P341043 [INFO] ************************************************************
2026-04-25 07:53:56,256 P341043 [INFO] ConfigSet Infra-EmbeddedPostBuild
2026-04-26 15:53:35,577 P403776 [INFO] ************************************************************
2026-04-26 15:53:35,577 P403776 [INFO] ConfigSet Infra-EmbeddedPreBuild
2026-04-26 15:53:41,760 P404071 [INFO] ************************************************************
2026-04-26 15:53:41,760 P404071 [INFO] ConfigSet Infra-EmbeddedPostBuild
2026-04-26 17:50:08,098 P408377 [INFO] ************************************************************
2026-04-26 17:50:08,098 P408377 [INFO] ConfigSet Infra-EmbeddedPreBuild
2026-04-26 17:50:14,255 P408625 [INFO] ************************************************************
2026-04-26 17:50:14,256 P408625 [INFO] ConfigSet Infra-EmbeddedPostBuild
2026-04-26 20:51:50,930 P414961 [INFO] ************************************************************
2026-04-26 20:51:50,930 P414961 [INFO] ConfigSet Infra-EmbeddedPreBuild
2026-04-26 20:51:58,494 P415246 [INFO] ************************************************************
2026-04-26 20:51:58,494 P415246 [INFO] ConfigSet Infra-EmbeddedPostBuild
2026-04-27 14:03:40,397 P448816 [INFO] ************************************************************
2026-04-27 14:03:40,397 P448816 [INFO] ConfigSet Infra-EmbeddedPreBuild
2026-04-27 14:03:47,268 P449111 [INFO] ************************************************************
2026-04-27 14:03:47,268 P449111 [INFO] ConfigSet Infra-EmbeddedPostBuild
2026-04-27 14:46:24,384 P451034 [INFO] ************************************************************
2026-04-27 14:46:24,384 P451034 [INFO] ConfigSet Infra-EmbeddedPreBuild
2026-04-27 14:46:30,473 P451275 [INFO] ************************************************************
2026-04-27 14:46:30,473 P451275 [INFO] ConfigSet Infra-EmbeddedPostBuild
2026-04-27 15:06:03,529 P452504 [INFO] ************************************************************
2026-04-27 15:06:03,529 P452504 [INFO] ConfigSet Infra-EmbeddedPreBuild
2026-04-27 15:06:10,490 P452761 [INFO] ************************************************************
2026-04-27 15:06:10,490 P452761 [INFO] ConfigSet Infra-EmbeddedPostBuild
2026-04-27 15:33:13,958 P454144 [INFO] ************************************************************
2026-04-27 15:33:13,958 P454144 [INFO] ConfigSet Infra-EmbeddedPreBuild
2026-04-27 15:33:20,021 P454436 [INFO] ************************************************************
2026-04-27 15:33:20,021 P454436 [INFO] ConfigSet Infra-EmbeddedPostBuild
2026-04-27 15:52:18,307 P455617 [INFO] ************************************************************
2026-04-27 15:52:18,307 P455617 [INFO] ConfigSet Infra-EmbeddedPreBuild
2026-04-27 15:52:24,515 P455859 [INFO] ************************************************************
2026-04-27 15:52:24,515 P455859 [INFO] ConfigSet Infra-EmbeddedPostBuild
2026-04-27 17:23:37,062 P459324 [INFO] ************************************************************
2026-04-27 17:23:37,062 P459324 [INFO] ConfigSet Infra-EmbeddedPreBuild
2026-04-27 17:23:44,514 P459642 [INFO] ************************************************************
2026-04-27 17:23:44,514 P459642 [INFO] ConfigSet Infra-EmbeddedPostBuild
2026-04-27 17:55:26,829 P461203 [INFO] ************************************************************
2026-04-27 17:55:26,830 P461203 [INFO] ConfigSet Infra-EmbeddedPreBuild
2026-04-27 17:55:33,704 P461500 [INFO] ************************************************************
2026-04-27 17:55:33,704 P461500 [INFO] ConfigSet Infra-EmbeddedPostBuild
2026-04-28 02:25:25,902 P478427 [INFO] ************************************************************
2026-04-28 02:25:25,902 P478427 [INFO] ConfigSet Infra-EmbeddedPreBuild
2026-04-28 02:25:33,731 P478752 [INFO] ************************************************************
2026-04-28 02:25:33,731 P478752 [INFO] ConfigSet Infra-EmbeddedPostBuild
2026-04-28 02:34:50,020 P479746 [INFO] ************************************************************
2026-04-28 02:34:50,020 P479746 [INFO] ConfigSet Infra-EmbeddedPreBuild
2026-04-28 02:34:57,529 P480057 [INFO] ************************************************************
2026-04-28 02:34:57,529 P480057 [INFO] ConfigSet Infra-EmbeddedPostBuild
2026-04-28 02:51:11,710 P481249 [INFO] ************************************************************
2026-04-28 02:51:11,710 P481249 [INFO] ConfigSet Infra-EmbeddedPreBuild
2026-04-28 02:51:19,001 P481561 [INFO] ************************************************************
2026-04-28 02:51:19,001 P481561 [INFO] ConfigSet Infra-EmbeddedPostBuild
2026-04-28 03:04:10,185 P482600 [INFO] ************************************************************
2026-04-28 03:04:10,185 P482600 [INFO] ConfigSet Infra-EmbeddedPreBuild
2026-04-28 03:04:17,499 P482864 [INFO] ************************************************************
2026-04-28 03:04:17,499 P482864 [INFO] ConfigSet Infra-EmbeddedPostBuild
2026-04-28 03:47:17,227 P484741 [INFO] ************************************************************
2026-04-28 03:47:17,227 P484741 [INFO] ConfigSet Infra-EmbeddedPreBuild
2026-04-28 03:47:25,016 P485058 [INFO] ************************************************************
2026-04-28 03:47:25,016 P485058 [INFO] ConfigSet Infra-EmbeddedPostBuild
2026-04-28 12:19:45,290 P502011 [INFO] ************************************************************
2026-04-28 12:19:45,290 P502011 [INFO] ConfigSet Infra-EmbeddedPreBuild
2026-04-28 12:19:52,544 P502262 [INFO] ************************************************************
2026-04-28 12:19:52,545 P502262 [INFO] ConfigSet Infra-EmbeddedPostBuild
2026-04-28 16:21:59,269 P510545 [INFO] ************************************************************
2026-04-28 16:21:59,269 P510545 [INFO] ConfigSet Infra-EmbeddedPreBuild
2026-04-28 16:22:07,243 P510808 [INFO] ************************************************************
2026-04-28 16:22:07,243 P510808 [INFO] ConfigSet Infra-EmbeddedPostBuild
2026-04-28 17:52:36,053 P514227 [INFO] ************************************************************
2026-04-28 17:52:36,053 P514227 [INFO] ConfigSet Infra-EmbeddedPreBuild
2026-04-28 17:52:42,264 P514474 [INFO] ************************************************************
2026-04-28 17:52:42,264 P514474 [INFO] ConfigSet Infra-EmbeddedPostBuild
2026-04-28 18:05:46,008 P515684 [INFO] ************************************************************
2026-04-28 18:05:46,008 P515684 [INFO] ConfigSet Infra-EmbeddedPreBuild
2026-04-28 18:05:54,002 P515978 [INFO] ************************************************************
2026-04-28 18:05:54,002 P515978 [INFO] ConfigSet Infra-EmbeddedPostBuild
2026-04-28 18:10:27,836 P516850 [INFO] ************************************************************
2026-04-28 18:10:27,836 P516850 [INFO] ConfigSet Infra-EmbeddedPreBuild
2026-04-28 18:10:33,985 P517093 [INFO] ************************************************************
2026-04-28 18:10:33,985 P517093 [INFO] ConfigSet Infra-EmbeddedPostBuild
2026-04-28 18:15:45,791 P518044 [INFO] ************************************************************
2026-04-28 18:15:45,792 P518044 [INFO] ConfigSet Infra-EmbeddedPreBuild
2026-04-28 18:15:51,764 P518289 [INFO] ************************************************************
2026-04-28 18:15:51,764 P518289 [INFO] ConfigSet Infra-EmbeddedPostBuild
2026-04-28 18:28:07,355 P519201 [INFO] ************************************************************
2026-04-28 18:28:07,355 P519201 [INFO] ConfigSet Infra-EmbeddedPreBuild
2026-04-28 18:28:14,764 P519460 [INFO] ************************************************************
2026-04-28 18:28:14,764 P519460 [INFO] ConfigSet Infra-EmbeddedPostBuild
2026-04-28 18:37:03,541 P520025 [INFO] ************************************************************
2026-04-28 18:37:03,541 P520025 [INFO] ConfigSet Infra-EmbeddedPreBuild
2026-04-28 18:37:10,949 P520333 [INFO] ************************************************************
2026-04-28 18:37:10,949 P520333 [INFO] ConfigSet Infra-EmbeddedPostBuild
2026-04-28 18:39:21,592 P520709 [INFO] ************************************************************
2026-04-28 18:39:21,592 P520709 [INFO] ConfigSet Infra-EmbeddedPreBuild
2026-04-28 18:39:27,747 P520948 [INFO] ************************************************************
2026-04-28 18:39:27,747 P520948 [INFO] ConfigSet Infra-EmbeddedPostBuild
2026-04-28 18:46:00,784 P521494 [INFO] ************************************************************
2026-04-28 18:46:00,784 P521494 [INFO] ConfigSet Infra-EmbeddedPreBuild
2026-04-28 18:46:07,244 P521735 [INFO] ************************************************************
2026-04-28 18:46:07,244 P521735 [INFO] ConfigSet Infra-EmbeddedPostBuild
2026-04-28 19:01:34,749 P522625 [INFO] ************************************************************
2026-04-28 19:01:34,749 P522625 [INFO] ConfigSet Infra-EmbeddedPreBuild
2026-04-28 19:01:41,014 P522919 [INFO] ************************************************************
2026-04-28 19:01:41,014 P522919 [INFO] ConfigSet Infra-EmbeddedPostBuild
2026-04-29 07:38:14,198 P547432 [INFO] ************************************************************
2026-04-29 07:38:14,198 P547432 [INFO] ConfigSet Infra-EmbeddedPreBuild
2026-04-29 07:38:21,273 P547684 [INFO] ************************************************************
2026-04-29 07:38:21,273 P547684 [INFO] ConfigSet Infra-EmbeddedPostBuild
2026-04-29 10:16:50,365 P552994 [INFO] ************************************************************
2026-04-29 10:16:50,365 P552994 [INFO] ConfigSet Infra-EmbeddedPreBuild
2026-04-29 10:16:57,729 P553293 [INFO] ************************************************************
2026-04-29 10:16:57,729 P553293 [INFO] ConfigSet Infra-EmbeddedPostBuild
2026-04-29 10:34:08,124 P554207 [INFO] ************************************************************
2026-04-29 10:34:08,124 P554207 [INFO] ConfigSet Infra-EmbeddedPreBuild
2026-04-29 10:34:14,252 P554448 [INFO] ************************************************************
2026-04-29 10:34:14,252 P554448 [INFO] ConfigSet Infra-EmbeddedPostBuild
2026-04-29 10:44:36,164 P555082 [INFO] ************************************************************
2026-04-29 10:44:36,164 P555082 [INFO] ConfigSet Infra-EmbeddedPreBuild
2026-04-29 10:44:43,487 P555344 [INFO] ************************************************************
2026-04-29 10:44:43,487 P555344 [INFO] ConfigSet Infra-EmbeddedPostBuild
2026-04-29 10:52:30,292 P556002 [INFO] ************************************************************
2026-04-29 10:52:30,292 P556002 [INFO] ConfigSet Infra-EmbeddedPreBuild
2026-04-29 10:52:36,495 P556246 [INFO] ************************************************************
2026-04-29 10:52:36,495 P556246 [INFO] ConfigSet Infra-EmbeddedPostBuild
